Determining if the pthread_create exist failed with the following output:
Change Dir: /home/junhakim/hce_ws/src/lidar_visual_reconstructor/build/CMakeFiles/CMakeTmp

Run Build Command:"/usr/bin/make" "cmTC_bbfaf/fast"
/usr/bin/make -f CMakeFiles/cmTC_bbfaf.dir/build.make CMakeFiles/cmTC_bbfaf.dir/build
make[1]: Entering directory '/home/junhakim/hce_ws/src/lidar_visual_reconstructor/build/CMakeFiles/CMakeTmp'
Building C object CMakeFiles/cmTC_bbfaf.dir/CheckSymbolExists.c.o
/usr/bin/x86_64-linux-gnu-gcc-4.9     -o CMakeFiles/cmTC_bbfaf.dir/CheckSymbolExists.c.o   -c /home/junhakim/hce_ws/src/lidar_visual_reconstructor/build/CMakeFiles/CMakeTmp/CheckSymbolExists.c
Linking C executable cmTC_bbfaf
/usr/bin/cmake -E cmake_link_script CMakeFiles/cmTC_bbfaf.dir/link.txt --verbose=1
/usr/bin/x86_64-linux-gnu-gcc-4.9       CMakeFiles/cmTC_bbfaf.dir/CheckSymbolExists.c.o  -o cmTC_bbfaf -rdynamic 
CMakeFiles/cmTC_bbfaf.dir/CheckSymbolExists.c.o: In function `main':
CheckSymbolExists.c:(.text+0x16): undefined reference to `pthread_create'
collect2: error: ld returned 1 exit status
CMakeFiles/cmTC_bbfaf.dir/build.make:97: recipe for target 'cmTC_bbfaf' failed
make[1]: *** [cmTC_bbfaf] Error 1
make[1]: Leaving directory '/home/junhakim/hce_ws/src/lidar_visual_reconstructor/build/CMakeFiles/CMakeTmp'
Makefile:126: recipe for target 'cmTC_bbfaf/fast' failed
make: *** [cmTC_bbfaf/fast] Error 2

File /home/junhakim/hce_ws/src/lidar_visual_reconstructor/build/CMakeFiles/CMakeTmp/CheckSymbolExists.c:
/* */
#include <pthread.h>

int main(int argc, char** argv)
{
  (void)argv;
#ifndef pthread_create
  return ((int*)(&pthread_create))[argc];
#else
  (void)argc;
  return 0;
#endif
}

Determining if the function pthread_create exists in the pthreads failed with the following output:
Change Dir: /home/junhakim/hce_ws/src/lidar_visual_reconstructor/build/CMakeFiles/CMakeTmp

Run Build Command:"/usr/bin/make" "cmTC_ddb1f/fast"
/usr/bin/make -f CMakeFiles/cmTC_ddb1f.dir/build.make CMakeFiles/cmTC_ddb1f.dir/build
make[1]: Entering directory '/home/junhakim/hce_ws/src/lidar_visual_reconstructor/build/CMakeFiles/CMakeTmp'
Building C object CMakeFiles/cmTC_ddb1f.dir/CheckFunctionExists.c.o
/usr/bin/x86_64-linux-gnu-gcc-4.9    -DCHECK_FUNCTION_EXISTS=pthread_create   -o CMakeFiles/cmTC_ddb1f.dir/CheckFunctionExists.c.o   -c /usr/share/cmake-3.5/Modules/CheckFunctionExists.c
Linking C executable cmTC_ddb1f
/usr/bin/cmake -E cmake_link_script CMakeFiles/cmTC_ddb1f.dir/link.txt --verbose=1
/usr/bin/x86_64-linux-gnu-gcc-4.9   -DCHECK_FUNCTION_EXISTS=pthread_create    CMakeFiles/cmTC_ddb1f.dir/CheckFunctionExists.c.o  -o cmTC_ddb1f -rdynamic -lpthreads 
/usr/bin/ld: cannot find -lpthreads
collect2: error: ld returned 1 exit status
CMakeFiles/cmTC_ddb1f.dir/build.make:97: recipe for target 'cmTC_ddb1f' failed
make[1]: *** [cmTC_ddb1f] Error 1
make[1]: Leaving directory '/home/junhakim/hce_ws/src/lidar_visual_reconstructor/build/CMakeFiles/CMakeTmp'
Makefile:126: recipe for target 'cmTC_ddb1f/fast' failed
make: *** [cmTC_ddb1f/fast] Error 2


